<?xml version="1.0" encoding="UTF-8"?>
<testsuite name="FanBladeTest" tests="4" skipped="0" failures="0" errors="0" timestamp="2017-01-20T22:40:46" hostname="COMPOZED-NBT-08" time="0.002">
  <properties/>
  <testcase name="coolingSystemComponent_returnsTrueIfComponentIsACoolingSystemComponent" classname="FanBladeTest" time="0.001"/>
  <testcase name="createFanBlade_takesSixProperties" classname="FanBladeTest" time="0.0"/>
  <testcase name="fullDescription_returnsAStringContainingAllAttributes" classname="FanBladeTest" time="0.0"/>
  <testcase name="engineComponent_returnsTrueIfPartIsEngineComponent" classname="FanBladeTest" time="0.0"/>
  <system-out><![CDATA[]]></system-out>
  <system-err><![CDATA[]]></system-err>
</testsuite>
