<?xml version="1.0" encoding="UTF-8"?>
<testsuite name="CalculatorTest" tests="4" skipped="0" failures="0" errors="0" timestamp="2017-01-20T22:40:46" hostname="COMPOZED-NBT-08" time="0.002">
  <properties/>
  <testcase name="calculateTotalofTaxExemptParts" classname="CalculatorTest" time="0.001"/>
  <testcase name="calculateTaxableAndTaxExemptParts" classname="CalculatorTest" time="0.0"/>
  <testcase name="overTheTopCalculateTaxableAndTaxExemptParts" classname="CalculatorTest" time="0.0"/>
  <testcase name="createCalculator" classname="CalculatorTest" time="0.0"/>
  <system-out><![CDATA[]]></system-out>
  <system-err><![CDATA[]]></system-err>
</testsuite>
