<?xml version="1.0" encoding="UTF-8"?>
<testsuite name="CoolingSystemPartsTest" tests="1" skipped="0" failures="0" errors="0" timestamp="2017-01-20T22:40:46" hostname="COMPOZED-NBT-08" time="0.0">
  <properties/>
  <testcase name="test_boolean_for_cooling_system" classname="CoolingSystemPartsTest" time="0.0"/>
  <system-out><![CDATA[]]></system-out>
  <system-err><![CDATA[]]></system-err>
</testsuite>
